<?xml version="1.0" encoding="UTF-8"?>
<testsuite name="test.ParkingLotTest" tests="2" skipped="0" failures="0" errors="0" timestamp="2015-09-08T23:35:51" hostname="King-Ehsan.local" time="0.002">
  <properties/>
  <testcase name="testTakeCar" classname="test.ParkingLotTest" time="0.002"/>
  <testcase name="testParkCar" classname="test.ParkingLotTest" time="0.0"/>
  <system-out><![CDATA[]]></system-out>
  <system-err><![CDATA[]]></system-err>
</testsuite>
